[debug] [2023-06-16T06:03:08.043Z] ----------------------------------------------------------------------
[debug] [2023-06-16T06:03:08.045Z] Command:       C:\Program Files\nodejs\node.exe C:\Users\nikro\AppData\Roaming\npm\node_modules\firebase-tools\lib\bin\firebase.js init
[debug] [2023-06-16T06:03:08.045Z] CLI Version:   12.3.1
[debug] [2023-06-16T06:03:08.045Z] Platform:      win32
[debug] [2023-06-16T06:03:08.045Z] Node Version:  v16.17.0
[debug] [2023-06-16T06:03:08.046Z] Time:          Fri Jun 16 2023 09:03:08 GMT+0300 (Москва, стандартное время)
[debug] [2023-06-16T06:03:08.046Z] ----------------------------------------------------------------------
[debug] 
[debug] [2023-06-16T06:03:08.052Z] > command requires scopes: ["email","openid","https://www.googleapis.com/auth/cloudplatformprojects.readonly","https://www.googleapis.com/auth/firebase","https://www.googleapis.com/auth/cloud-platform"]
[debug] [2023-06-16T06:03:08.053Z] > authorizing via signed-in user (nikrozhko125@gmail.com)
[info] 
     ######## #### ########  ######## ########     ###     ######  ########
     ##        ##  ##     ## ##       ##     ##  ##   ##  ##       ##
     ######    ##  ########  ######   ########  #########  ######  ######
     ##        ##  ##    ##  ##       ##     ## ##     ##       ## ##
     ##       #### ##     ## ######## ########  ##     ##  ######  ########

You're about to initialize a Firebase project in this directory:

  c:\CODE\game-store-main\Telegram

Before we get started, keep in mind:

  * You are currently outside your home directory

[info] 
=== Project Setup
[info] 
[info] First, let's associate this project directory with a Firebase project.
[info] You can create multiple project aliases by running firebase use --add, 
[info] but for now we'll just set up a default project.
[info] 
[debug] [2023-06-16T06:03:22.906Z] >>> [apiv2][query] GET https://firebase.googleapis.com/v1beta1/projects pageSize=100
[debug] [2023-06-16T06:03:23.907Z] <<< [apiv2][status] GET https://firebase.googleapis.com/v1beta1/projects 200
[debug] [2023-06-16T06:03:23.907Z] <<< [apiv2][body] GET https://firebase.googleapis.com/v1beta1/projects [omitted]
